This file contains any messages produced by compilers while
running configure, to aid debugging if configure makes a mistake.

It was created by SoundTouch configure 1.9.0, which was
generated by GNU Autoconf 2.69.  Invocation command line was

  $ ./configure --prefix=/home/dan/isp2.2/SIPTelecom3.6/dynmgr/soundtouch/soundtouch --enable-static --no-create --no-recursion

## --------- ##
## Platform. ##
## --------- ##

hostname = ROCKYDEV9
uname -m = x86_64
uname -r = 5.14.0-284.11.1.el9_2.x86_64
uname -s = Linux
uname -v = #1 SMP PREEMPT_DYNAMIC Tue May 9 17:09:15 UTC 2023

/usr/bin/uname -p = x86_64
/bin/uname -X     = unknown

/bin/arch              = x86_64
/usr/bin/arch -k       = unknown
/usr/convex/getsysinfo = unknown
/usr/bin/hostinfo      = unknown
/bin/machine           = unknown
/usr/bin/oslevel       = unknown
/bin/universe          = unknown

PATH: /home/dan/.local/bin
PATH: /home/dan/bin
PATH: /usr/share/Modules/bin
PATH: /usr/local/bin
PATH: /usr/bin
PATH: /usr/local/sbin
PATH: /usr/sbin
PATH: /home/dan/.local/bin
PATH: /home/dan/bin
PATH: .
PATH: .


## ----------- ##
## Core tests. ##
## ----------- ##

configure:2460: checking for a BSD-compatible install
configure:2528: result: /usr/bin/install -c
configure:2539: checking whether build environment is sane
configure:2589: result: yes
configure:2730: checking for a thread-safe mkdir -p
configure:2769: result: /usr/bin/mkdir -p
configure:2782: checking for gawk
configure:2798: found /usr/bin/gawk
configure:2809: result: gawk
configure:2820: checking whether make sets $(MAKE)
configure:2842: result: yes
configure:3036: checking for g++
configure:3052: found /usr/bin/g++
configure:3063: result: g++
configure:3090: checking for C++ compiler version
configure:3099: g++ --version >&5
g++ (GCC) 11.3.1 20221121 (Red Hat 11.3.1-4)
Copyright (C) 2021 Free Software Foundation, Inc.
This is free software; see the source for copying conditions.  There is NO
warranty; not even for MERCHANTABILITY or FITNESS FOR A PARTICULAR PURPOSE.

configure:3110: $? = 0
configure:3099: g++ -v >&5
Using built-in specs.
COLLECT_GCC=g++
COLLECT_LTO_WRAPPER=/usr/libexec/gcc/x86_64-redhat-linux/11/lto-wrapper
OFFLOAD_TARGET_NAMES=nvptx-none
OFFLOAD_TARGET_DEFAULT=1
Target: x86_64-redhat-linux
Configured with: ../configure --enable-bootstrap --enable-host-pie --enable-host-bind-now --enable-languages=c,c++,fortran,lto --prefix=/usr --mandir=/usr/share/man --infodir=/usr/share/info --with-bugurl=https://bugs.rockylinux.org/ --enable-shared --enable-threads=posix --enable-checking=release --with-system-zlib --enable-__cxa_atexit --disable-libunwind-exceptions --enable-gnu-unique-object --enable-linker-build-id --with-gcc-major-version-only --enable-plugin --enable-initfini-array --without-isl --enable-multilib --with-linker-hash-style=gnu --enable-offload-targets=nvptx-none --without-cuda-driver --enable-gnu-indirect-function --enable-cet --with-tune=generic --with-arch_64=x86-64-v2 --with-arch_32=x86-64 --build=x86_64-redhat-linux --with-build-config=bootstrap-lto --enable-link-serialization=1
Thread model: posix
Supported LTO compression algorithms: zlib zstd
gcc version 11.3.1 20221121 (Red Hat 11.3.1-4) (GCC) 
... rest of stderr output deleted ...
configure:3110: $? = 0
configure:3099: g++ -V >&5
g++: error: unrecognized command-line option '-V'
g++: fatal error: no input files
compilation terminated.
configure:3110: $? = 1
configure:3099: g++ -qversion >&5
g++: error: unrecognized command-line option '-qversion'; did you mean '--version'?
g++: fatal error: no input files
compilation terminated.
configure:3110: $? = 1
configure:3130: checking whether the C++ compiler works
configure:3152: g++    conftest.cpp  >&5
configure:3156: $? = 0
configure:3204: result: yes
configure:3207: checking for C++ compiler default output file name
configure:3209: result: a.out
configure:3215: checking for suffix of executables
configure:3222: g++ -o conftest    conftest.cpp  >&5
configure:3226: $? = 0
configure:3248: result: 
configure:3270: checking whether we are cross compiling
configure:3278: g++ -o conftest    conftest.cpp  >&5
configure:3282: $? = 0
configure:3289: ./conftest
configure:3293: $? = 0
configure:3308: result: no
configure:3313: checking for suffix of object files
configure:3335: g++ -c   conftest.cpp >&5
configure:3339: $? = 0
configure:3360: result: o
configure:3364: checking whether we are using the GNU C++ compiler
configure:3383: g++ -c   conftest.cpp >&5
configure:3383: $? = 0
configure:3392: result: yes
configure:3401: checking whether g++ accepts -g
configure:3421: g++ -c -g  conftest.cpp >&5
configure:3421: $? = 0
configure:3462: result: yes
configure:3496: checking for style of include used by make
configure:3524: result: GNU
configure:3549: checking dependency style of g++
configure:3659: result: gcc3
configure:3723: checking for gcc
configure:3739: found /usr/bin/gcc
configure:3750: result: gcc
configure:3979: checking for C compiler version
configure:3988: gcc --version >&5
gcc (GCC) 11.3.1 20221121 (Red Hat 11.3.1-4)
Copyright (C) 2021 Free Software Foundation, Inc.
This is free software; see the source for copying conditions.  There is NO
warranty; not even for MERCHANTABILITY or FITNESS FOR A PARTICULAR PURPOSE.

configure:3999: $? = 0
configure:3988: gcc -v >&5
Using built-in specs.
COLLECT_GCC=gcc
COLLECT_LTO_WRAPPER=/usr/libexec/gcc/x86_64-redhat-linux/11/lto-wrapper
OFFLOAD_TARGET_NAMES=nvptx-none
OFFLOAD_TARGET_DEFAULT=1
Target: x86_64-redhat-linux
Configured with: ../configure --enable-bootstrap --enable-host-pie --enable-host-bind-now --enable-languages=c,c++,fortran,lto --prefix=/usr --mandir=/usr/share/man --infodir=/usr/share/info --with-bugurl=https://bugs.rockylinux.org/ --enable-shared --enable-threads=posix --enable-checking=release --with-system-zlib --enable-__cxa_atexit --disable-libunwind-exceptions --enable-gnu-unique-object --enable-linker-build-id --with-gcc-major-version-only --enable-plugin --enable-initfini-array --without-isl --enable-multilib --with-linker-hash-style=gnu --enable-offload-targets=nvptx-none --without-cuda-driver --enable-gnu-indirect-function --enable-cet --with-tune=generic --with-arch_64=x86-64-v2 --with-arch_32=x86-64 --build=x86_64-redhat-linux --with-build-config=bootstrap-lto --enable-link-serialization=1
Thread model: posix
Supported LTO compression algorithms: zlib zstd
gcc version 11.3.1 20221121 (Red Hat 11.3.1-4) (GCC) 
... rest of stderr output deleted ...
configure:3999: $? = 0
configure:3988: gcc -V >&5
gcc: error: unrecognized command-line option '-V'
gcc: fatal error: no input files
compilation terminated.
configure:3999: $? = 1
configure:3988: gcc -qversion >&5
gcc: error: unrecognized command-line option '-qversion'; did you mean '--version'?
gcc: fatal error: no input files
compilation terminated.
configure:3999: $? = 1
configure:4003: checking whether we are using the GNU C compiler
configure:4022: gcc -c   conftest.c >&5
configure:4022: $? = 0
configure:4031: result: yes
configure:4040: checking whether gcc accepts -g
configure:4060: gcc -c -g  conftest.c >&5
configure:4060: $? = 0
configure:4101: result: yes
configure:4118: checking for gcc option to accept ISO C89
configure:4181: gcc  -c -g -O2  conftest.c >&5
configure:4181: $? = 0
configure:4194: result: none needed
configure:4216: checking dependency style of gcc
configure:4326: result: gcc3
configure:4346: checking how to run the C preprocessor
configure:4377: gcc -E  conftest.c
configure:4377: $? = 0
configure:4391: gcc -E  conftest.c
conftest.c:11:10: fatal error: ac_nonexistent.h: No such file or directory
   11 | #include <ac_nonexistent.h>
      |          ^~~~~~~~~~~~~~~~~~
compilation terminated.
configure:4391: $? = 1
configure: failed program was:
| /* confdefs.h */
| #define PACKAGE_NAME "SoundTouch"
| #define PACKAGE_TARNAME "soundtouch"
| #define PACKAGE_VERSION "1.9.0"
| #define PACKAGE_STRING "SoundTouch 1.9.0"
| #define PACKAGE_BUGREPORT "http://www.surina.net/soundtouch"
| #define PACKAGE_URL ""
| #define PACKAGE "soundtouch"
| #define VERSION "1.9.0"
| /* end confdefs.h.  */
| #include <ac_nonexistent.h>
configure:4416: result: gcc -E
configure:4436: gcc -E  conftest.c
configure:4436: $? = 0
configure:4450: gcc -E  conftest.c
conftest.c:11:10: fatal error: ac_nonexistent.h: No such file or directory
   11 | #include <ac_nonexistent.h>
      |          ^~~~~~~~~~~~~~~~~~
compilation terminated.
configure:4450: $? = 1
configure: failed program was:
| /* confdefs.h */
| #define PACKAGE_NAME "SoundTouch"
| #define PACKAGE_TARNAME "soundtouch"
| #define PACKAGE_VERSION "1.9.0"
| #define PACKAGE_STRING "SoundTouch 1.9.0"
| #define PACKAGE_BUGREPORT "http://www.surina.net/soundtouch"
| #define PACKAGE_URL ""
| #define PACKAGE "soundtouch"
| #define VERSION "1.9.0"
| /* end confdefs.h.  */
| #include <ac_nonexistent.h>
configure:4483: checking how to run the C++ preprocessor
configure:4510: g++ -E  conftest.cpp
configure:4510: $? = 0
configure:4524: g++ -E  conftest.cpp
conftest.cpp:11:10: fatal error: ac_nonexistent.h: No such file or directory
   11 | #include <ac_nonexistent.h>
      |          ^~~~~~~~~~~~~~~~~~
compilation terminated.
configure:4524: $? = 1
configure: failed program was:
| /* confdefs.h */
| #define PACKAGE_NAME "SoundTouch"
| #define PACKAGE_TARNAME "soundtouch"
| #define PACKAGE_VERSION "1.9.0"
| #define PACKAGE_STRING "SoundTouch 1.9.0"
| #define PACKAGE_BUGREPORT "http://www.surina.net/soundtouch"
| #define PACKAGE_URL ""
| #define PACKAGE "soundtouch"
| #define VERSION "1.9.0"
| /* end confdefs.h.  */
| #include <ac_nonexistent.h>
configure:4549: result: g++ -E
configure:4569: g++ -E  conftest.cpp
configure:4569: $? = 0
configure:4583: g++ -E  conftest.cpp
conftest.cpp:11:10: fatal error: ac_nonexistent.h: No such file or directory
   11 | #include <ac_nonexistent.h>
      |          ^~~~~~~~~~~~~~~~~~
compilation terminated.
configure:4583: $? = 1
configure: failed program was:
| /* confdefs.h */
| #define PACKAGE_NAME "SoundTouch"
| #define PACKAGE_TARNAME "soundtouch"
| #define PACKAGE_VERSION "1.9.0"
| #define PACKAGE_STRING "SoundTouch 1.9.0"
| #define PACKAGE_BUGREPORT "http://www.surina.net/soundtouch"
| #define PACKAGE_URL ""
| #define PACKAGE "soundtouch"
| #define VERSION "1.9.0"
| /* end confdefs.h.  */
| #include <ac_nonexistent.h>
configure:4613: checking whether make sets $(MAKE)
configure:4635: result: yes
configure:4674: checking build system type
configure:4688: result: x86_64-unknown-linux-gnu
configure:4708: checking host system type
configure:4721: result: x86_64-unknown-linux-gnu
configure:4762: checking how to print strings
configure:4789: result: printf
configure:4810: checking for a sed that does not truncate output
configure:4874: result: /usr/bin/sed
configure:4892: checking for grep that handles long lines and -e
configure:4950: result: /usr/bin/grep
configure:4955: checking for egrep
configure:5017: result: /usr/bin/grep -E
configure:5022: checking for fgrep
configure:5084: result: /usr/bin/grep -F
configure:5119: checking for ld used by gcc
configure:5186: result: /usr/bin/ld
configure:5193: checking if the linker (/usr/bin/ld) is GNU ld
configure:5208: result: yes
configure:5220: checking for BSD- or MS-compatible name lister (nm)
configure:5274: result: /usr/bin/nm -B
configure:5404: checking the name lister (/usr/bin/nm -B) interface
configure:5411: g++ -c -g -O2  conftest.cpp >&5
configure:5414: /usr/bin/nm -B "conftest.o"
configure:5417: output
0000000000000000 B some_variable
configure:5424: result: BSD nm
configure:5427: checking whether ln -s works
configure:5431: result: yes
configure:5439: checking the maximum length of command line arguments
configure:5570: result: 4718592
configure:5618: checking how to convert x86_64-unknown-linux-gnu file names to x86_64-unknown-linux-gnu format
configure:5658: result: func_convert_file_noop
configure:5665: checking how to convert x86_64-unknown-linux-gnu file names to toolchain format
configure:5685: result: func_convert_file_noop
configure:5692: checking for /usr/bin/ld option to reload object files
configure:5699: result: -r
configure:5773: checking for objdump
configure:5789: found /usr/bin/objdump
configure:5800: result: objdump
configure:5832: checking how to recognize dependent libraries
configure:6032: result: pass_all
configure:6117: checking for dlltool
configure:6147: result: no
configure:6177: checking how to associate runtime and link libraries
configure:6204: result: printf %s\n
configure:6265: checking for ar
configure:6281: found /usr/bin/ar
configure:6292: result: ar
configure:6329: checking for archiver @FILE support
configure:6346: g++ -c -g -O2  conftest.cpp >&5
configure:6346: $? = 0
configure:6349: ar cru libconftest.a @conftest.lst >&5
configure:6352: $? = 0
configure:6357: ar cru libconftest.a @conftest.lst >&5
ar: conftest.o: No such file or directory
configure:6360: $? = 1
configure:6372: result: @
configure:6430: checking for strip
configure:6446: found /usr/bin/strip
configure:6457: result: strip
configure:6529: checking for ranlib
configure:6545: found /usr/bin/ranlib
configure:6556: result: ranlib
configure:6658: checking command to parse /usr/bin/nm -B output from gcc object
configure:6811: g++ -c -g -O2  conftest.cpp >&5
configure:6814: $? = 0
configure:6818: /usr/bin/nm -B conftest.o \| sed -n -e 's/^.*[ ]\([ABCDGIRSTW][ABCDGIRSTW]*\)[ ][ ]*\([_A-Za-z][_A-Za-z0-9]*\)$/\1 \2 \2/p' | sed '/ __gnu_lto/d' \> conftest.nm
configure:6821: $? = 0
configure:6887: g++ -o conftest -g -O2   conftest.cpp conftstm.o >&5
configure:6890: $? = 0
configure:6928: result: ok
configure:6975: checking for sysroot
configure:7005: result: no
configure:7012: checking for a working dd
configure:7050: result: /usr/bin/dd
configure:7054: checking how to truncate binary pipes
configure:7069: result: /usr/bin/dd bs=4096 count=1
configure:7206: g++ -c -g -O2  conftest.cpp >&5
configure:7209: $? = 0
configure:7399: checking for mt
configure:7429: result: no
configure:7449: checking if : is a manifest tool
configure:7455: : '-?'
configure:7463: result: no
configure:8136: checking for ANSI C header files
configure:8156: g++ -c -g -O2  conftest.cpp >&5
configure:8156: $? = 0
configure:8229: g++ -o conftest -g -O2   conftest.cpp  >&5
configure:8229: $? = 0
configure:8229: ./conftest
configure:8229: $? = 0
configure:8240: result: yes
configure:8253: checking for sys/types.h
configure:8253: g++ -c -g -O2  conftest.cpp >&5
configure:8253: $? = 0
configure:8253: result: yes
configure:8253: checking for sys/stat.h
configure:8253: g++ -c -g -O2  conftest.cpp >&5
configure:8253: $? = 0
configure:8253: result: yes
configure:8253: checking for stdlib.h
configure:8253: g++ -c -g -O2  conftest.cpp >&5
configure:8253: $? = 0
configure:8253: result: yes
configure:8253: checking for string.h
configure:8253: g++ -c -g -O2  conftest.cpp >&5
configure:8253: $? = 0
configure:8253: result: yes
configure:8253: checking for memory.h
configure:8253: g++ -c -g -O2  conftest.cpp >&5
configure:8253: $? = 0
configure:8253: result: yes
configure:8253: checking for strings.h
configure:8253: g++ -c -g -O2  conftest.cpp >&5
configure:8253: $? = 0
configure:8253: result: yes
configure:8253: checking for inttypes.h
configure:8253: g++ -c -g -O2  conftest.cpp >&5
configure:8253: $? = 0
configure:8253: result: yes
configure:8253: checking for stdint.h
configure:8253: g++ -c -g -O2  conftest.cpp >&5
configure:8253: $? = 0
configure:8253: result: yes
configure:8253: checking for unistd.h
configure:8253: g++ -c -g -O2  conftest.cpp >&5
configure:8253: $? = 0
configure:8253: result: yes
configure:8267: checking for dlfcn.h
configure:8267: g++ -c -g -O2  conftest.cpp >&5
configure:8267: $? = 0
configure:8267: result: yes
configure:8503: checking for objdir
configure:8518: result: .libs
configure:8782: checking if gcc supports -fno-rtti -fno-exceptions
configure:8800: gcc -c -g -O2  -fno-rtti -fno-exceptions conftest.c >&5
cc1: warning: command-line option '-fno-rtti' is valid for C++/D/ObjC++ but not for C
configure:8804: $? = 0
configure:8817: result: no
configure:9175: checking for gcc option to produce PIC
configure:9182: result: -fPIC -DPIC
configure:9190: checking if gcc PIC flag -fPIC -DPIC works
configure:9208: gcc -c -g -O2  -fPIC -DPIC -DPIC conftest.c >&5
configure:9212: $? = 0
configure:9225: result: yes
configure:9254: checking if gcc static flag -static works
configure:9282: result: no
configure:9297: checking if gcc supports -c -o file.o
configure:9318: gcc -c -g -O2  -o out/conftest2.o conftest.c >&5
configure:9322: $? = 0
configure:9344: result: yes
configure:9352: checking if gcc supports -c -o file.o
configure:9399: result: yes
configure:9432: checking whether the gcc linker (/usr/bin/ld -m elf_x86_64) supports shared libraries
configure:10691: result: yes
configure:10728: checking whether -lc should be explicitly linked in
configure:10736: gcc -c -g -O2  conftest.c >&5
configure:10739: $? = 0
configure:10754: gcc -shared  -fPIC -DPIC conftest.o  -v -Wl,-soname -Wl,conftest -o conftest 2\>\&1 \| /usr/bin/grep  -lc  \>/dev/null 2\>\&1
configure:10757: $? = 0
configure:10771: result: no
configure:10931: checking dynamic linker characteristics
configure:11512: gcc -o conftest -g -O2   -Wl,-rpath -Wl,/foo conftest.c  >&5
configure:11512: $? = 0
configure:11752: result: GNU/Linux ld.so
configure:11874: checking how to hardcode library paths into programs
configure:11899: result: immediate
configure:12447: checking whether stripping libraries is possible
configure:12452: result: yes
configure:12487: checking if libtool supports shared libraries
configure:12489: result: yes
configure:12492: checking whether to build shared libraries
configure:12517: result: yes
configure:12520: checking whether to build static libraries
configure:12524: result: yes
configure:12547: checking how to run the C++ preprocessor
configure:12613: result: g++ -E
configure:12633: g++ -E  conftest.cpp
configure:12633: $? = 0
configure:12647: g++ -E  conftest.cpp
conftest.cpp:23:10: fatal error: ac_nonexistent.h: No such file or directory
   23 | #include <ac_nonexistent.h>
      |          ^~~~~~~~~~~~~~~~~~
compilation terminated.
configure:12647: $? = 1
configure: failed program was:
| /* confdefs.h */
| #define PACKAGE_NAME "SoundTouch"
| #define PACKAGE_TARNAME "soundtouch"
| #define PACKAGE_VERSION "1.9.0"
| #define PACKAGE_STRING "SoundTouch 1.9.0"
| #define PACKAGE_BUGREPORT "http://www.surina.net/soundtouch"
| #define PACKAGE_URL ""
| #define PACKAGE "soundtouch"
| #define VERSION "1.9.0"
| #define STDC_HEADERS 1
| #define HAVE_SYS_TYPES_H 1
| #define HAVE_SYS_STAT_H 1
| #define HAVE_STDLIB_H 1
| #define HAVE_STRING_H 1
| #define HAVE_MEMORY_H 1
| #define HAVE_STRINGS_H 1
| #define HAVE_INTTYPES_H 1
| #define HAVE_STDINT_H 1
| #define HAVE_UNISTD_H 1
| #define HAVE_DLFCN_H 1
| #define LT_OBJDIR ".libs/"
| /* end confdefs.h.  */
| #include <ac_nonexistent.h>
configure:12809: checking for ld used by g++
configure:12876: result: /usr/bin/ld -m elf_x86_64
configure:12883: checking if the linker (/usr/bin/ld -m elf_x86_64) is GNU ld
configure:12898: result: yes
configure:12953: checking whether the g++ linker (/usr/bin/ld -m elf_x86_64) supports shared libraries
configure:14026: result: yes
configure:14062: g++ -c -g -O2  conftest.cpp >&5
configure:14065: $? = 0
configure:14546: checking for g++ option to produce PIC
configure:14553: result: -fPIC -DPIC
configure:14561: checking if g++ PIC flag -fPIC -DPIC works
configure:14579: g++ -c -g -O2  -fPIC -DPIC -DPIC conftest.cpp >&5
configure:14583: $? = 0
configure:14596: result: yes
configure:14619: checking if g++ static flag -static works
configure:14647: result: no
configure:14659: checking if g++ supports -c -o file.o
configure:14680: g++ -c -g -O2  -o out/conftest2.o conftest.cpp >&5
configure:14684: $? = 0
configure:14706: result: yes
configure:14711: checking if g++ supports -c -o file.o
configure:14758: result: yes
configure:14788: checking whether the g++ linker (/usr/bin/ld -m elf_x86_64) supports shared libraries
configure:14828: result: yes
configure:14969: checking dynamic linker characteristics
configure:15717: result: GNU/Linux ld.so
configure:15782: checking how to hardcode library paths into programs
configure:15807: result: immediate
configure:15872: checking for ANSI C header files
configure:15976: result: yes
configure:15988: checking cpuid.h usability
configure:15988: g++ -c -g -O2  conftest.cpp >&5
configure:15988: $? = 0
configure:15988: result: yes
configure:15988: checking cpuid.h presence
configure:15988: g++ -E  conftest.cpp
configure:15988: $? = 0
configure:15988: result: yes
configure:15988: checking for cpuid.h
configure:15988: result: yes
configure:16009: checking for an ANSI C-conforming const
configure:16075: g++ -c -g -O2  conftest.cpp >&5
configure:16075: $? = 0
configure:16082: result: yes
configure:16090: checking for inline
configure:16106: g++ -c -g -O2  conftest.cpp >&5
configure:16106: $? = 0
configure:16114: result: inline
configure:16220: g++ -c -mmmx -Winline -g -O2  conftest.cpp >&5
configure:16220: $? = 0
configure:16263: g++ -c -msse -Winline -g -O2  conftest.cpp >&5
configure:16263: $? = 0
configure:16330: checking for stdlib.h
configure:16330: result: yes
configure:16340: checking for GNU libc compatible malloc
configure:16364: g++ -o conftest    conftest.cpp  >&5
configure:16364: $? = 0
configure:16364: ./conftest
configure:16364: $? = 0
configure:16374: result: yes
configure:16395: checking return type of signal handlers
configure:16413: g++ -c   conftest.cpp >&5
conftest.cpp: In function 'int main()':
conftest.cpp:34:25: error: void value not ignored as it ought to be
   34 | return *(signal (0, 0)) (0) == 1;
      |         ~~~~~~~~~~~~~~~~^~~
configure:16413: $? = 1
configure: failed program was:
| /* confdefs.h */
| #define PACKAGE_NAME "SoundTouch"
| #define PACKAGE_TARNAME "soundtouch"
| #define PACKAGE_VERSION "1.9.0"
| #define PACKAGE_STRING "SoundTouch 1.9.0"
| #define PACKAGE_BUGREPORT "http://www.surina.net/soundtouch"
| #define PACKAGE_URL ""
| #define PACKAGE "soundtouch"
| #define VERSION "1.9.0"
| #define STDC_HEADERS 1
| #define HAVE_SYS_TYPES_H 1
| #define HAVE_SYS_STAT_H 1
| #define HAVE_STDLIB_H 1
| #define HAVE_STRING_H 1
| #define HAVE_MEMORY_H 1
| #define HAVE_STRINGS_H 1
| #define HAVE_INTTYPES_H 1
| #define HAVE_STDINT_H 1
| #define HAVE_UNISTD_H 1
| #define HAVE_DLFCN_H 1
| #define LT_OBJDIR ".libs/"
| #define STDC_HEADERS 1
| #define HAVE_CPUID_H 1
| #define SOUNDTOUCH_FLOAT_SAMPLES 1
| #define HAVE_STDLIB_H 1
| #define HAVE_MALLOC 1
| /* end confdefs.h.  */
| #include <sys/types.h>
| #include <signal.h>
| 
| int
| main ()
| {
| return *(signal (0, 0)) (0) == 1;
|   ;
|   return 0;
| }
configure:16420: result: void
configure:16429: checking for sqrt in -lm
configure:16454: g++ -o conftest    conftest.cpp -lm   >&5
conftest.cpp:36:6: warning: declaration of 'char sqrt()' conflicts with built-in declaration 'double sqrt(double)' [-Wbuiltin-declaration-mismatch]
   36 | char sqrt ();
      |      ^~~~
configure:16454: $? = 0
configure:16463: result: yes
configure:16636: creating ./config.status

## ---------------- ##
## Cache variables. ##
## ---------------- ##

ac_cv_build=x86_64-unknown-linux-gnu
ac_cv_c_compiler_gnu=yes
ac_cv_c_const=yes
ac_cv_c_inline=inline
ac_cv_cxx_compiler_gnu=yes
ac_cv_env_CCC_set=
ac_cv_env_CCC_value=
ac_cv_env_CC_set=
ac_cv_env_CC_value=
ac_cv_env_CFLAGS_set=
ac_cv_env_CFLAGS_value=
ac_cv_env_CPPFLAGS_set=
ac_cv_env_CPPFLAGS_value=
ac_cv_env_CPP_set=
ac_cv_env_CPP_value=
ac_cv_env_CXXCPP_set=
ac_cv_env_CXXCPP_value=
ac_cv_env_CXXFLAGS_set=
ac_cv_env_CXXFLAGS_value=
ac_cv_env_CXX_set=
ac_cv_env_CXX_value=
ac_cv_env_LDFLAGS_set=
ac_cv_env_LDFLAGS_value=
ac_cv_env_LIBS_set=
ac_cv_env_LIBS_value=
ac_cv_env_LT_SYS_LIBRARY_PATH_set=
ac_cv_env_LT_SYS_LIBRARY_PATH_value=
ac_cv_env_build_alias_set=
ac_cv_env_build_alias_value=
ac_cv_env_host_alias_set=
ac_cv_env_host_alias_value=
ac_cv_env_target_alias_set=
ac_cv_env_target_alias_value=
ac_cv_func_malloc_0_nonnull=yes
ac_cv_header_cpuid_h=yes
ac_cv_header_dlfcn_h=yes
ac_cv_header_inttypes_h=yes
ac_cv_header_memory_h=yes
ac_cv_header_stdc=yes
ac_cv_header_stdint_h=yes
ac_cv_header_stdlib_h=yes
ac_cv_header_string_h=yes
ac_cv_header_strings_h=yes
ac_cv_header_sys_stat_h=yes
ac_cv_header_sys_types_h=yes
ac_cv_header_unistd_h=yes
ac_cv_host=x86_64-unknown-linux-gnu
ac_cv_lib_m_sqrt=yes
ac_cv_objext=o
ac_cv_path_EGREP='/usr/bin/grep -E'
ac_cv_path_FGREP='/usr/bin/grep -F'
ac_cv_path_GREP=/usr/bin/grep
ac_cv_path_SED=/usr/bin/sed
ac_cv_path_install='/usr/bin/install -c'
ac_cv_path_lt_DD=/usr/bin/dd
ac_cv_path_mkdir=/usr/bin/mkdir
ac_cv_prog_AWK=gawk
ac_cv_prog_CPP='gcc -E'
ac_cv_prog_CXXCPP='g++ -E'
ac_cv_prog_ac_ct_AR=ar
ac_cv_prog_ac_ct_CC=gcc
ac_cv_prog_ac_ct_CXX=g++
ac_cv_prog_ac_ct_OBJDUMP=objdump
ac_cv_prog_ac_ct_RANLIB=ranlib
ac_cv_prog_ac_ct_STRIP=strip
ac_cv_prog_cc_c89=
ac_cv_prog_cc_g=yes
ac_cv_prog_cxx_g=yes
ac_cv_prog_make_make_set=yes
ac_cv_type_signal=void
am_cv_CC_dependencies_compiler_type=gcc3
am_cv_CXX_dependencies_compiler_type=gcc3
lt_cv_ar_at_file=@
lt_cv_archive_cmds_need_lc=no
lt_cv_deplibs_check_method=pass_all
lt_cv_file_magic_cmd='$MAGIC_CMD'
lt_cv_file_magic_test_file=
lt_cv_ld_reload_flag=-r
lt_cv_nm_interface='BSD nm'
lt_cv_objdir=.libs
lt_cv_path_LD=/usr/bin/ld
lt_cv_path_LDCXX='/usr/bin/ld -m elf_x86_64'
lt_cv_path_NM='/usr/bin/nm -B'
lt_cv_path_mainfest_tool=no
lt_cv_prog_compiler_c_o=yes
lt_cv_prog_compiler_c_o_CXX=yes
lt_cv_prog_compiler_pic='-fPIC -DPIC'
lt_cv_prog_compiler_pic_CXX='-fPIC -DPIC'
lt_cv_prog_compiler_pic_works=yes
lt_cv_prog_compiler_pic_works_CXX=yes
lt_cv_prog_compiler_rtti_exceptions=no
lt_cv_prog_compiler_static_works=no
lt_cv_prog_compiler_static_works_CXX=no
lt_cv_prog_gnu_ld=yes
lt_cv_prog_gnu_ldcxx=yes
lt_cv_sharedlib_from_linklib_cmd='printf %s\n'
lt_cv_shlibpath_overrides_runpath=no
lt_cv_sys_global_symbol_pipe='sed -n -e '\''s/^.*[	 ]\([ABCDGIRSTW][ABCDGIRSTW]*\)[	 ][	 ]*\([_A-Za-z][_A-Za-z0-9]*\)$/\1 \2 \2/p'\'' | sed '\''/ __gnu_lto/d'\'''
lt_cv_sys_global_symbol_to_c_name_address='sed -n -e '\''s/^: \(.*\) .*$/  {"\1", (void *) 0},/p'\'' -e '\''s/^[ABCDGIRSTW][ABCDGIRSTW]* .* \(.*\)$/  {"\1", (void *) \&\1},/p'\'''
lt_cv_sys_global_symbol_to_c_name_address_lib_prefix='sed -n -e '\''s/^: \(.*\) .*$/  {"\1", (void *) 0},/p'\'' -e '\''s/^[ABCDGIRSTW][ABCDGIRSTW]* .* \(lib.*\)$/  {"\1", (void *) \&\1},/p'\'' -e '\''s/^[ABCDGIRSTW][ABCDGIRSTW]* .* \(.*\)$/  {"lib\1", (void *) \&\1},/p'\'''
lt_cv_sys_global_symbol_to_cdecl='sed -n -e '\''s/^T .* \(.*\)$/extern int \1();/p'\'' -e '\''s/^[ABCDGIRSTW][ABCDGIRSTW]* .* \(.*\)$/extern char \1;/p'\'''
lt_cv_sys_global_symbol_to_import=
lt_cv_sys_max_cmd_len=4718592
lt_cv_to_host_file_cmd=func_convert_file_noop
lt_cv_to_tool_file_cmd=func_convert_file_noop
lt_cv_truncate_bin='/usr/bin/dd bs=4096 count=1'

## ----------------- ##
## Output variables. ##
## ----------------- ##

ACLOCAL='${SHELL} /home/dan/isp2.2/SIPTelecom3.6/dynmgr/soundtouch/soundtouch/config/missing --run aclocal-1.11'
AMDEPBACKSLASH='\'
AMDEP_FALSE='#'
AMDEP_TRUE=''
AMTAR='${SHELL} /home/dan/isp2.2/SIPTelecom3.6/dynmgr/soundtouch/soundtouch/config/missing --run tar'
AM_BACKSLASH='\'
AM_CXXFLAGS=''
AM_DEFAULT_VERBOSITY='0'
AR='ar'
AUTOCONF='${SHELL} /home/dan/isp2.2/SIPTelecom3.6/dynmgr/soundtouch/soundtouch/config/missing --run autoconf'
AUTOHEADER='${SHELL} /home/dan/isp2.2/SIPTelecom3.6/dynmgr/soundtouch/soundtouch/config/missing --run autoheader'
AUTOMAKE='${SHELL} /home/dan/isp2.2/SIPTelecom3.6/dynmgr/soundtouch/soundtouch/config/missing --run automake-1.11'
AWK='gawk'
CC='gcc'
CCDEPMODE='depmode=gcc3'
CFLAGS='-g -O2'
CPP='gcc -E'
CPPFLAGS=''
CXX='g++'
CXXCPP='g++ -E'
CXXDEPMODE='depmode=gcc3'
CXXFLAGS=''
CYGPATH_W='echo'
DEFS='-DHAVE_CONFIG_H'
DEPDIR='.deps'
DLLTOOL='false'
DSYMUTIL=''
DUMPBIN=''
ECHO_C=''
ECHO_N='-n'
ECHO_T=''
EGREP='/usr/bin/grep -E'
EXEEXT=''
FGREP='/usr/bin/grep -F'
GREP='/usr/bin/grep'
HAVE_MMX_FALSE='#'
HAVE_MMX_TRUE=''
HAVE_SSE_FALSE='#'
HAVE_SSE_TRUE=''
INSTALL_DATA='${INSTALL} -m 644'
INSTALL_PROGRAM='${INSTALL}'
INSTALL_SCRIPT='${INSTALL}'
INSTALL_STRIP_PROGRAM='$(install_sh) -c -s'
LD='/usr/bin/ld -m elf_x86_64'
LDFLAGS=''
LIBOBJS=''
LIBS='-lm '
LIBTOOL='$(SHELL) $(top_builddir)/libtool'
LIPO=''
LN_S='ln -s'
LTLIBOBJS=''
LT_SYS_LIBRARY_PATH=''
MAKEINFO='${SHELL} /home/dan/isp2.2/SIPTelecom3.6/dynmgr/soundtouch/soundtouch/config/missing --run makeinfo'
MANIFEST_TOOL=':'
MKDIR_P='/usr/bin/mkdir -p'
NM='/usr/bin/nm -B'
NMEDIT=''
OBJDUMP='objdump'
OBJEXT='o'
OTOOL64=''
OTOOL=''
PACKAGE='soundtouch'
PACKAGE_BUGREPORT='http://www.surina.net/soundtouch'
PACKAGE_NAME='SoundTouch'
PACKAGE_STRING='SoundTouch 1.9.0'
PACKAGE_TARNAME='soundtouch'
PACKAGE_URL=''
PACKAGE_VERSION='1.9.0'
PATH_SEPARATOR=':'
RANLIB='ranlib'
SED='/usr/bin/sed'
SET_MAKE=''
SHELL='/bin/sh'
STRIP='strip'
VERSION='1.9.0'
X86_OPTIMIZATIONS_FALSE='#'
X86_OPTIMIZATIONS_TRUE=''
ac_ct_AR='ar'
ac_ct_CC='gcc'
ac_ct_CXX='g++'
ac_ct_DUMPBIN=''
am__EXEEXT_FALSE=''
am__EXEEXT_TRUE='#'
am__fastdepCC_FALSE='#'
am__fastdepCC_TRUE=''
am__fastdepCXX_FALSE='#'
am__fastdepCXX_TRUE=''
am__include='include'
am__isrc=''
am__leading_dot='.'
am__quote=''
am__tar='${AMTAR} chof - "$$tardir"'
am__untar='${AMTAR} xf -'
bindir='${exec_prefix}/bin'
build='x86_64-unknown-linux-gnu'
build_alias=''
build_cpu='x86_64'
build_os='linux-gnu'
build_vendor='unknown'
datadir='${datarootdir}'
datarootdir='${prefix}/share'
docdir='${datarootdir}/doc/${PACKAGE_TARNAME}'
dvidir='${docdir}'
exec_prefix='${prefix}'
host='x86_64-unknown-linux-gnu'
host_alias=''
host_cpu='x86_64'
host_os='linux-gnu'
host_vendor='unknown'
htmldir='${docdir}'
includedir='${prefix}/include'
infodir='${datarootdir}/info'
install_sh='${SHELL} /home/dan/isp2.2/SIPTelecom3.6/dynmgr/soundtouch/soundtouch/config/install-sh'
libdir='${exec_prefix}/lib'
libexecdir='${exec_prefix}/libexec'
localedir='${datarootdir}/locale'
localstatedir='${prefix}/var'
mandir='${datarootdir}/man'
mkdir_p='/usr/bin/mkdir -p'
oldincludedir='/usr/include'
pdfdir='${docdir}'
prefix='/home/dan/isp2.2/SIPTelecom3.6/dynmgr/soundtouch/soundtouch'
program_transform_name='s,x,x,'
psdir='${docdir}'
runstatedir='${localstatedir}/run'
sbindir='${exec_prefix}/sbin'
sharedstatedir='${prefix}/com'
sysconfdir='${prefix}/etc'
target_alias=''

## ----------- ##
## confdefs.h. ##
## ----------- ##

/* confdefs.h */
#define PACKAGE_NAME "SoundTouch"
#define PACKAGE_TARNAME "soundtouch"
#define PACKAGE_VERSION "1.9.0"
#define PACKAGE_STRING "SoundTouch 1.9.0"
#define PACKAGE_BUGREPORT "http://www.surina.net/soundtouch"
#define PACKAGE_URL ""
#define PACKAGE "soundtouch"
#define VERSION "1.9.0"
#define STDC_HEADERS 1
#define HAVE_SYS_TYPES_H 1
#define HAVE_SYS_STAT_H 1
#define HAVE_STDLIB_H 1
#define HAVE_STRING_H 1
#define HAVE_MEMORY_H 1
#define HAVE_STRINGS_H 1
#define HAVE_INTTYPES_H 1
#define HAVE_STDINT_H 1
#define HAVE_UNISTD_H 1
#define HAVE_DLFCN_H 1
#define LT_OBJDIR ".libs/"
#define STDC_HEADERS 1
#define HAVE_CPUID_H 1
#define SOUNDTOUCH_FLOAT_SAMPLES 1
#define HAVE_STDLIB_H 1
#define HAVE_MALLOC 1
#define RETSIGTYPE void
#define HAVE_LIBM 1

configure: exit 0

## ---------------------- ##
## Running config.status. ##
## ---------------------- ##

This file was extended by SoundTouch config.status 1.9.0, which was
generated by GNU Autoconf 2.69.  Invocation command line was

  CONFIG_FILES    = 
  CONFIG_HEADERS  = 
  CONFIG_LINKS    = 
  CONFIG_COMMANDS = 
  $ ./config.status 

on ROCKYDEV9

config.status:1164: creating Makefile
config.status:1164: creating source/Makefile
config.status:1164: creating source/SoundTouch/Makefile
config.status:1164: creating source/SoundStretch/Makefile
config.status:1164: creating include/Makefile
config.status:1164: creating soundtouch.pc
config.status:1164: creating config.h
config.status:1345: config.h is unchanged
config.status:1164: creating include/soundtouch_config.h
config.status:1345: include/soundtouch_config.h is unchanged
config.status:1393: executing depfiles commands
config.status:1393: executing libtool commands

## ---------------------- ##
## Running config.status. ##
## ---------------------- ##

This file was extended by SoundTouch config.status 1.9.0, which was
generated by GNU Autoconf 2.69.  Invocation command line was

  CONFIG_FILES    = 
  CONFIG_HEADERS  = 
  CONFIG_LINKS    = 
  CONFIG_COMMANDS = 
  $ ./config.status config.h

on ROCKYDEV9

config.status:1164: creating config.h

## ---------------------- ##
## Running config.status. ##
## ---------------------- ##

This file was extended by SoundTouch config.status 1.9.0, which was
generated by GNU Autoconf 2.69.  Invocation command line was

  CONFIG_FILES    = 
  CONFIG_HEADERS  = 
  CONFIG_LINKS    = 
  CONFIG_COMMANDS = 
  $ ./config.status include/soundtouch_config.h

on ROCKYDEV9

config.status:1164: creating include/soundtouch_config.h
config.status:1345: include/soundtouch_config.h is unchanged
